# JRE version: Java(TM) SE Runtime Environment (12.0.2+10) (build 12.0.2+10)
# Java VM: Java HotSpot(TM) 64-Bit Server VM (12.0.2+10, mixed mode, sharing, tiered, compressed oops, g1 gc, linux-amd64)
Heap:
 garbage-first heap   total 153600K, used 75062K [0x000000070de00000, 0x0000000800000000)
  region size 1024K, 71 young (72704K), 8 survivors (8192K)
 Metaspace       used 32350K, capacity 33382K, committed 33792K, reserved 1079296K
  class space    used 4109K, capacity 4499K, committed 4608K, reserved 1048576K
GC Heap History (10 events):
Event: 0,560 GC heap before
{Heap before GC invocations=0 (full 0):
 garbage-first heap   total 251904K, used 24300K [0x000000070de00000, 0x0000000800000000)
  region size 1024K, 24 young (24576K), 0 survivors (0K)
 Metaspace       used 8110K, capacity 8443K, committed 8704K, reserved 1056768K
  class space    used 1036K, capacity 1183K, committed 1280K, reserved 1048576K
}
Event: 0,567 GC heap after
{Heap after GC invocations=1 (full 0):
 garbage-first heap   total 251904K, used 5244K [0x000000070de00000, 0x0000000800000000)
  region size 1024K, 3 young (3072K), 3 survivors (3072K)
 Metaspace       used 8110K, capacity 8443K, committed 8704K, reserved 1056768K
  class space    used 1036K, capacity 1183K, committed 1280K, reserved 1048576K
}
Event: 0,669 GC heap before
{Heap before GC invocations=1 (full 0):
 garbage-first heap   total 251904K, used 25724K [0x000000070de00000, 0x0000000800000000)
  region size 1024K, 23 young (23552K), 3 survivors (3072K)
 Metaspace       used 11538K, capacity 11964K, committed 12032K, reserved 1058816K
  class space    used 1606K, capacity 1758K, committed 1792K, reserved 1048576K
}
Event: 0,675 GC heap after
{Heap after GC invocations=2 (full 0):
 garbage-first heap   total 251904K, used 6385K [0x000000070de00000, 0x0000000800000000)
  region size 1024K, 2 young (2048K), 2 survivors (2048K)
 Metaspace       used 11538K, capacity 11964K, committed 12032K, reserved 1058816K
  class space    used 1606K, capacity 1758K, committed 1792K, reserved 1048576K
}
Event: 1,185 GC heap before
{Heap before GC invocations=2 (full 0):
 garbage-first heap   total 251904K, used 61681K [0x000000070de00000, 0x0000000800000000)
  region size 1024K, 56 young (57344K), 2 survivors (2048K)
 Metaspace       used 20068K, capacity 20754K, committed 20864K, reserved 1067008K
  class space    used 2669K, capacity 2916K, committed 2944K, reserved 1048576K
}
Event: 1,190 GC heap after
{Heap after GC invocations=3 (full 0):
 garbage-first heap   total 251904K, used 9738K [0x000000070de00000, 0x0000000800000000)
  region size 1024K, 5 young (5120K), 5 survivors (5120K)
 Metaspace       used 20068K, capacity 20754K, committed 20864K, reserved 1067008K
  class space    used 2669K, capacity 2916K, committed 2944K, reserved 1048576K
}
Event: 1,204 GC heap before
{Heap before GC invocations=3 (full 0):
 garbage-first heap   total 251904K, used 11786K [0x000000070de00000, 0x0000000800000000)
  region size 1024K, 8 young (8192K), 5 survivors (5120K)
 Metaspace       used 20405K, capacity 21113K, committed 21248K, reserved 1067008K
  class space    used 2716K, capacity 2971K, committed 3072K, reserved 1048576K
}
Event: 1,210 GC heap after
{Heap after GC invocations=4 (full 0):
 garbage-first heap   total 251904K, used 9939K [0x000000070de00000, 0x0000000800000000)
  region size 1024K, 5 young (5120K), 5 survivors (5120K)
 Metaspace       used 20405K, capacity 21113K, committed 21248K, reserved 1067008K
  class space    used 2716K, capacity 2971K, committed 3072K, reserved 1048576K
}
Event: 1,511 GC heap before
{Heap before GC invocations=5 (full 0):
 garbage-first heap   total 48128K, used 45779K [0x000000070de00000, 0x0000000800000000)
  region size 1024K, 40 young (40960K), 5 survivors (5120K)
 Metaspace       used 24922K, capacity 25830K, committed 25984K, reserved 1071104K
  class space    used 3275K, capacity 3612K, committed 3712K, reserved 1048576K
}
Event: 1,517 GC heap after
{Heap after GC invocations=6 (full 0):
 garbage-first heap   total 153600K, used 12598K [0x000000070de00000, 0x0000000800000000)
  region size 1024K, 8 young (8192K), 8 survivors (8192K)
 Metaspace       used 24922K, capacity 25830K, committed 25984K, reserved 1071104K
  class space    used 3275K, capacity 3612K, committed 3712K, reserved 1048576K
}

